# Line# RA           DEC         Epoch    RA     DEC   MAG    Title   Comments:
# HR#                                     PM     PM           HD #    Spec    Cross-ref    R-Velocity
  472 01:37:42.90 -57:14:12.00 2000.00 +0.095 -0.035 0.46  10144 #  B3Vpe   CP-57  334   RV+016
 1017 03:24:19.40 +49:51:40.00 2000.00 +0.024 -0.025 1.79  20902 #  F5Ib    BD+49  917   RV-002
 1457 04:35:55.20 +16:30:33.00 2000.00 +0.063 -0.190 0.85  29139 #  K5+II   BD+16  629   RV+054
 1708 05:16:41.40 +45:59:53.00 2000.00 +0.076 -0.425 0.08  34029 #  G5III * BD+45 1077   RV+030
 1713 05:14:32.30 -08:12:06.00 2000.00 +0.000 -0.001 0.12  34085 #  B8Ia:   BD-08 1063   RV+021
 1790 05:25:07.90 +06:20:59.00 2000.00 -0.009 -0.014 1.64  35468 #  B2III   BD+06  919   RV+018
 1791 05:26:17.50 +28:36:27.00 2000.00 +0.022 -0.175 1.65  35497 #  B7III   BD+28  795   RV+009
 1903 05:36:12.80 -01:12:07.00 2000.00 +0.001 -0.002 1.70  37128 #  B0Ia    BD-01  969   RV+026
 2061 05:55:10.30 +07:24:25.00 2000.00 +0.026 +0.009 0.50  39801 #  M1-2I * BD+07 1055   RV+021
 2088 05:59:31.70 +44:56:51.00 2000.00 -0.057 +0.000 1.90  40183 #  A2IV    BD+44 1328   RV-018
 2294 06:22:42.00 -17:57:21.00 2000.00 -0.006 +0.000 1.98  44743 #  B1II- * BD-17 1467   RV+034
 2326 06:23:57.10 -52:41:45.00 2000.00 +0.022 +0.021 0.72  45348 #  F0II    CP-52  914   RV+021
 2421 06:37:42.70 +16:23:57.00 2000.00 +0.042 -0.042 1.93  47105 #  A0IV    BD+16 1223   RV-013
 2491 06:45:08.90 -16:42:58.00 2000.00 -0.553 -1.205 1.46  48915 #  A1Vm    BD-16 1591   RV-008
 2618 06:58:37.50 -28:58:20.00 2000.00 +0.004 +0.003 1.50  52089 #  B2II    CD-28 3666   RV+027
 2693 07:08:23.50 -26:23:36.00 2000.00 -0.003 +0.004 1.84  54605 #  F8Ia    CD-26 3916   RV+034
 2891 07:34:36.00 +31:53:18.00 2000.00 -0.171 -0.098 1.98  60179 #  A1V     BD+32 1581   RV+006
 2943 07:39:18.10 +05:13:30.00 2000.00 -0.710 -1.023 0.38  61421 #  F5IV-   BD+05 1739   RV-003
 2990 07:45:18.90 +28:01:34.00 2000.00 -0.628 -0.046 1.14  62509 #  K0III   BD+28 1463   RV+003
 3207 08:09:32.00 -47:20:12.00 2000.00 -0.004 +0.006 1.78  68273 #  WC8+O * CD-46 3847   RV+035
 3307 08:22:30.80 -59:30:35.00 2000.00 -0.026 +0.014 1.86  71129 #  K3III * CP-59 1032   RV+002
 3485 08:44:42.20 -54:42:30.00 2000.00 +0.023 -0.078 1.96  74956 #  A1V     CP-54 1788   RV+002
 3685 09:13:12.00 -69:43:02.00 2000.00 -0.162 +0.108 1.68  80007 #  A2IV    CP-69 1023   RV-005
 3748 09:27:35.20 -08:39:31.00 2000.00 -0.014 +0.033 1.98  81797 #  K3II- * BD-08 2680   RV-004
 3982 10:08:22.30 +11:58:02.00 2000.00 -0.248 +0.006 1.35  87901 #  B7V     BD+12 2149   RV+006
 4301 11:03:43.70 +61:45:03.00 2000.00 -0.119 -0.067 1.79  95689 #  K0III   BD+62 1161   RV-009
 4730 12:26:35.90 -63:05:57.00 2000.00 -0.036 -0.012 1.33 108248 #  B0.5I   CP-62 2745   RV-011
 4731 12:26:36.50 -63:05:58.00 2000.00 -0.034 -0.007 1.73 108249 #  B1V     CP-62 2745   RV-001
 4763 12:31:09.90 -57:06:48.00 2000.00 +0.023 -0.262 1.63 108903 #  M3.5I * CP-56 5272   RV+021
 4853 12:47:43.20 -59:41:19.00 2000.00 -0.048 -0.014 1.25 111123 #  B0.5I * CP-59 4451   RV+016
 4905 12:54:01.70 +55:57:35.00 2000.00 +0.112 -0.006 1.77 112185 #  A0pCr   BD+56 1627   RV-009
 5056 13:25:11.60 -11:09:41.00 2000.00 -0.041 -0.028 0.98 116658 #  B1III * BD-10 3672   RV+001
 5191 13:47:32.40 +49:18:48.00 2000.00 -0.122 -0.011 1.86 120315 #  B3V     BD+50 2027   RV-011
 5267 14:03:49.40 -60:22:23.00 2000.00 -0.032 -0.019 0.61 122451 #  B1III   CP-59 5365   RV+006
 5340 14:15:39.70 +19:10:57.00 2000.00 -1.093 -1.998 0.04 124897 #  K1.5I * BD+19 2777   RV-005
 5459 14:39:35.90 -60:50:07.00 2000.00 -3.642 +0.699 0.01 128620 #  G2V     CP-60 5483   RV-022
 5460 14:39:36.10 -60:50:08.00 2000.00 -3.646 +0.700 1.33 128621 #  K1V     CP-60 5483   RV-021
 6134 16:29:24.40 -26:25:55.00 2000.00 -0.010 -0.020 0.96 148478 #  M1.5I * CD-2611359   RV-003
 6217 16:48:39.90 -69:01:40.00 2000.00 +0.014 -0.034 1.92 150798 #  K2IIb * CP-68 2822   RV-003
 6527 17:33:36.50 -37:06:14.00 2000.00 -0.001 -0.029 1.63 158926 #  B2IV+   CD-3711673   RV-003
 6553 17:37:19.20 -42:59:52.00 2000.00 +0.015 -0.002 1.87 159532 #  F1II    CD-4212312   RV+001
 6879 18:24:10.30 -34:23:05.00 2000.00 -0.038 -0.124 1.85 169022 #  B9.5I * CD-3412784   RV-015
 7001 18:36:56.30 +38:47:01.00 2000.00 +0.202 +0.286 0.03 172167 #  A0Va    BD+38 3238   RV-014
 7557 19:50:47.00 +08:52:06.00 2000.00 +0.538 +0.386 0.77 187642 #  A7V     BD+08 4236   RV-026
 7790 20:25:38.90 -56:44:06.00 2000.00 +0.007 -0.089 1.94 193924 #  B2IV    CP-57 9674   RV+002
 7924 20:41:25.90 +45:16:49.00 2000.00 +0.003 +0.002 1.25 197345 #  A2Ia    BD+44 3541   RV-005
 8425 22:08:14.00 -46:57:40.00 2000.00 +0.129 -0.151 1.74 209952 #  B7IV    CD-4714063   RV+012
 8728 22:57:39.10 -29:37:20.00 2000.00 +0.333 -0.165 1.16 216956 #  A3V     CD-3019370   RV+007
